app/build/intermediates/manifest_merge_blame_file/debug/manifest-merger-blame-debug-report.txt
1<?xml version="1.0" encoding="utf-8"?>
2<manifest xmlns:android="http://schemas.android.com/apk/res/android"
3    package="com.example.myapplication"
4    android:versionCode="1"
5    android:versionName="1.0" >
6
7    <uses-sdk
8        android:minSdkVersion="21"
8-->src\main\AndroidManifest.xml
9        android:targetSdkVersion="29" />
9-->src\main\AndroidManifest.xml
10
11    <uses-permission android:name="android.permission.ACCESS_FINE_LOCATION" />
11-->src\main\AndroidManifest.xml:5:5-79
11-->src\main\AndroidManifest.xml:5:22-76
12    <uses-permission android:name="android.permission.ACCESS_COARSE_LOCATION" />
12-->src\main\AndroidManifest.xml:6:5-81
12-->src\main\AndroidManifest.xml:6:22-78
13    <uses-permission android:name="android.permission.INTERNET" />
13-->src\main\AndroidManifest.xml:7:5-67
13-->src\main\AndroidManifest.xml:7:22-64
14
15    <!-- Include required permissions for Google Maps API to run. -->
16    <uses-permission android:name="android.permission.ACCESS_NETWORK_STATE" />
16-->[com.google.android.gms:play-services-maps:9.0.0] AndroidManifest.xml:20:5-78
16-->[com.google.android.gms:play-services-maps:9.0.0] AndroidManifest.xml:20:22-76
17
18    <uses-feature
18-->[com.google.android.gms:play-services-maps:9.0.0] AndroidManifest.xml:22:5-24:33
19        android:glEsVersion="0x00020000"
19-->[com.google.android.gms:play-services-maps:9.0.0] AndroidManifest.xml:23:8-40
20        android:required="true" />
20-->[com.google.android.gms:play-services-maps:9.0.0] AndroidManifest.xml:24:8-31
21
22    <application
22-->src\main\AndroidManifest.xml:9:5-32:19
23        android:allowBackup="true"
23-->src\main\AndroidManifest.xml:10:9-35
24        android:appComponentFactory="androidx.core.app.CoreComponentFactory"
24-->[androidx.core:core:1.1.0] AndroidManifest.xml:24:18-86
25        android:debuggable="true"
26        android:icon="@mipmap/ic_launcher"
26-->src\main\AndroidManifest.xml:11:9-43
27        android:label="@string/app_name"
27-->src\main\AndroidManifest.xml:12:9-41
28        android:roundIcon="@mipmap/ic_launcher_round"
28-->src\main\AndroidManifest.xml:13:9-54
29        android:supportsRtl="true"
29-->src\main\AndroidManifest.xml:14:9-35
30        android:testOnly="true"
31        android:theme="@style/AppTheme" >
31-->src\main\AndroidManifest.xml:15:9-40
32        <activity android:name="com.example.myapplication.Map" />
32-->src\main\AndroidManifest.xml:16:9-50
32-->src\main\AndroidManifest.xml:16:19-38
33        <activity android:name="com.example.myapplication.Home" />
33-->src\main\AndroidManifest.xml:17:9-42
33-->src\main\AndroidManifest.xml:17:19-39
34        <activity android:name="com.example.myapplication.About" />
34-->src\main\AndroidManifest.xml:18:9-43
34-->src\main\AndroidManifest.xml:18:19-40
35        <activity android:name="com.example.myapplication.DashBoard" />
35-->src\main\AndroidManifest.xml:19:9-47
35-->src\main\AndroidManifest.xml:19:19-44
36
37        <meta-data
37-->src\main\AndroidManifest.xml:21:9-23:47
38            android:name="com.google.android.geo.API_KEY"
38-->src\main\AndroidManifest.xml:22:13-58
39            android:value="@string/map_key" />
39-->src\main\AndroidManifest.xml:23:13-44
40
41        <activity android:name="com.example.myapplication.MainActivity" >
41-->src\main\AndroidManifest.xml:25:9-31:20
41-->src\main\AndroidManifest.xml:25:19-47
42            <intent-filter>
42-->src\main\AndroidManifest.xml:26:13-30:29
43                <action android:name="android.intent.action.MAIN" />
43-->src\main\AndroidManifest.xml:27:17-69
43-->src\main\AndroidManifest.xml:27:25-66
44
45                <category android:name="android.intent.category.LAUNCHER" />
45-->src\main\AndroidManifest.xml:29:17-77
45-->src\main\AndroidManifest.xml:29:27-74
46            </intent-filter>
47        </activity>
48        <activity
48-->[com.google.android.gms:play-services-base:9.0.0] AndroidManifest.xml:20:9-22:45
49            android:name="com.google.android.gms.common.api.GoogleApiActivity"
49-->[com.google.android.gms:play-services-base:9.0.0] AndroidManifest.xml:20:19-85
50            android:exported="false"
50-->[com.google.android.gms:play-services-base:9.0.0] AndroidManifest.xml:22:19-43
51            android:theme="@android:style/Theme.Translucent.NoTitleBar" />
51-->[com.google.android.gms:play-services-base:9.0.0] AndroidManifest.xml:21:19-78
52
53        <provider
53-->[com.google.firebase:firebase-common:9.0.0] AndroidManifest.xml:7:9-11:39
54            android:name="com.google.firebase.provider.FirebaseInitProvider"
54-->[com.google.firebase:firebase-common:9.0.0] AndroidManifest.xml:9:13-58
55            android:authorities="com.example.myapplication.firebaseinitprovider"
55-->[com.google.firebase:firebase-common:9.0.0] AndroidManifest.xml:8:13-72
56            android:exported="false"
56-->[com.google.firebase:firebase-common:9.0.0] AndroidManifest.xml:10:13-37
57            android:initOrder="100" />
57-->[com.google.firebase:firebase-common:9.0.0] AndroidManifest.xml:11:13-36
58
59        <meta-data
59-->[com.google.android.gms:play-services-basement:9.0.0] AndroidManifest.xml:21:9-23:69
60            android:name="com.google.android.gms.version"
60-->[com.google.android.gms:play-services-basement:9.0.0] AndroidManifest.xml:22:13-58
61            android:value="@integer/google_play_services_version" />
61-->[com.google.android.gms:play-services-basement:9.0.0] AndroidManifest.xml:23:13-66
62    </application>
63
64</manifest>